<?xml version="1.0" encoding="UTF-8"?>
<testng-results ignored="0" total="1" passed="1" failed="0" skipped="0">
  <reporter-output>
  </reporter-output>
  <suite started-at="2024-03-18T21:42:46Z" name="Default suite" finished-at="2024-03-18T21:42:53Z" duration-ms="7213">
    <groups>
    </groups>
    <test started-at="2024-03-18T21:42:46Z" name="Default test" finished-at="2024-03-18T21:42:53Z" duration-ms="7213">
      <class name="pruebaSelenium.TestNGJC">
        <test-method signature="f()[pri:0, instance:pruebaSelenium.TestNGJC@5ddcc487]" started-at="2024-03-18T15:42:46Z" name="f" finished-at="2024-03-18T15:42:53Z" duration-ms="7184" status="PASS">
          <reporter-output>
          </reporter-output>
        </test-method> <!-- f -->
      </class> <!-- pruebaSelenium.TestNGJC -->
    </test> <!-- Default test -->
  </suite> <!-- Default suite -->
</testng-results>
